TN:
SF:controllers\app.js
FN:3,registerNewUser
FN:18,getAllUsers
FN:24,editUser
FN:32,(anonymous_3)
FNF:4
FNH:2
FNDA:2,registerNewUser
FNDA:1,getAllUsers
FNDA:0,editUser
FNDA:0,(anonymous_3)
DA:1,1
DA:4,2
DA:6,2
DA:7,1
DA:10,1
DA:11,1
DA:13,1
DA:19,1
DA:25,0
DA:26,0
DA:28,0
DA:29,0
DA:32,0
DA:34,0
DA:35,0
DA:38,0
DA:39,0
DA:42,0
DA:43,0
DA:46,0
DA:49,1
LF:21
LH:9
BRDA:6,0,0,1
BRDA:6,0,1,1
BRDA:6,1,0,2
BRDA:6,1,1,1
BRDA:28,2,0,0
BRDA:28,2,1,0
BRDA:28,3,0,0
BRDA:28,3,1,0
BRDA:34,4,0,0
BRDA:34,4,1,0
BRDA:38,5,0,0
BRDA:38,5,1,0
BRDA:42,6,0,0
BRDA:42,6,1,0
BRF:14
BRH:4
end_of_record
